# JRE version: Java(TM) SE Runtime Environment (17.0.12+8) (build 17.0.12+8-LTS-286)
# Java VM: Java HotSpot(TM) 64-Bit Server VM (17.0.12+8-LTS-286, mixed mode, sharing, tiered, compressed oops, compressed class ptrs, g1 gc, windows-amd64)
GC Precious Log:
 CPUs: 12 total, 12 available
 Memory: 7501M
 Large Page Support: Disabled
 NUMA Support: Disabled
 Compressed Oops: Enabled (Zero based)
 Heap Region Size: 4M
 Heap Min Capacity: 8M
 Heap Initial Capacity: 120M
 Heap Max Capacity: 8G
 Pre-touch: Disabled
 Parallel Workers: 10
 Concurrent Workers: 3
 Concurrent Refinement Workers: 10
 Periodic GC: Disabled
Heap:
 garbage-first heap   total 503808K, used 269812K [0x0000000600000000, 0x0000000800000000)
  region size 4096K, 13 young (53248K), 3 survivors (12288K)
 Metaspace       used 113202K, committed 114688K, reserved 1179648K
  class space    used 15710K, committed 16384K, reserved 1048576K
GC Heap History (20 events):
Event: 130.720 GC heap before
{Heap before GC invocations=59 (full 0):
 garbage-first heap   total 348160K, used 286615K [0x0000000600000000, 0x0000000800000000)
  region size 4096K, 38 young (155648K), 3 survivors (12288K)
 Metaspace       used 110033K, committed 111232K, reserved 1179648K
  class space    used 15340K, committed 15872K, reserved 1048576K
}
Event: 130.744 GC heap after
{Heap after GC invocations=60 (full 0):
 garbage-first heap   total 348160K, used 157780K [0x0000000600000000, 0x0000000800000000)
  region size 4096K, 5 young (20480K), 5 survivors (20480K)
 Metaspace       used 110033K, committed 111232K, reserved 1179648K
  class space    used 15340K, committed 15872K, reserved 1048576K
}
Event: 132.554 GC heap before
{Heap before GC invocations=60 (full 0):
 garbage-first heap   total 348160K, used 268372K [0x0000000600000000, 0x0000000800000000)
  region size 4096K, 33 young (135168K), 5 survivors (20480K)
 Metaspace       used 110334K, committed 111552K, reserved 1179648K
  class space    used 15369K, committed 15936K, reserved 1048576K
}
Event: 132.575 GC heap after
{Heap after GC invocations=61 (full 0):
 garbage-first heap   total 348160K, used 169104K [0x0000000600000000, 0x0000000800000000)
  region size 4096K, 4 young (16384K), 4 survivors (16384K)
 Metaspace       used 110334K, committed 111552K, reserved 1179648K
  class space    used 15369K, committed 15936K, reserved 1048576K
}
Event: 133.019 GC heap before
{Heap before GC invocations=61 (full 0):
 garbage-first heap   total 348160K, used 267408K [0x0000000600000000, 0x0000000800000000)
  region size 4096K, 29 young (118784K), 4 survivors (16384K)
 Metaspace       used 110337K, committed 111552K, reserved 1179648K
  class space    used 15369K, committed 15936K, reserved 1048576K
}
Event: 133.028 GC heap after
{Heap after GC invocations=62 (full 0):
 garbage-first heap   total 348160K, used 171426K [0x0000000600000000, 0x0000000800000000)
  region size 4096K, 2 young (8192K), 2 survivors (8192K)
 Metaspace       used 110337K, committed 111552K, reserved 1179648K
  class space    used 15369K, committed 15936K, reserved 1048576K
}
Event: 134.636 GC heap before
{Heap before GC invocations=62 (full 0):
 garbage-first heap   total 348160K, used 277922K [0x0000000600000000, 0x0000000800000000)
  region size 4096K, 28 young (114688K), 2 survivors (8192K)
 Metaspace       used 111769K, committed 113088K, reserved 1179648K
  class space    used 15540K, committed 16128K, reserved 1048576K
}
Event: 134.654 GC heap after
{Heap after GC invocations=63 (full 0):
 garbage-first heap   total 417792K, used 183219K [0x0000000600000000, 0x0000000800000000)
  region size 4096K, 4 young (16384K), 4 survivors (16384K)
 Metaspace       used 111769K, committed 113088K, reserved 1179648K
  class space    used 15540K, committed 16128K, reserved 1048576K
}
Event: 135.692 GC heap before
{Heap before GC invocations=63 (full 0):
 garbage-first heap   total 417792K, used 326579K [0x0000000600000000, 0x0000000800000000)
  region size 4096K, 39 young (159744K), 4 survivors (16384K)
 Metaspace       used 111860K, committed 113152K, reserved 1179648K
  class space    used 15546K, committed 16128K, reserved 1048576K
}
Event: 135.706 GC heap after
{Heap after GC invocations=64 (full 0):
 garbage-first heap   total 417792K, used 186199K [0x0000000600000000, 0x0000000800000000)
  region size 4096K, 2 young (8192K), 2 survivors (8192K)
 Metaspace       used 111860K, committed 113152K, reserved 1179648K
  class space    used 15546K, committed 16128K, reserved 1048576K
}
Event: 136.904 GC heap before
{Heap before GC invocations=64 (full 0):
 garbage-first heap   total 417792K, used 329559K [0x0000000600000000, 0x0000000800000000)
  region size 4096K, 38 young (155648K), 2 survivors (8192K)
 Metaspace       used 112143K, committed 113536K, reserved 1179648K
  class space    used 15576K, committed 16192K, reserved 1048576K
}
Event: 136.917 GC heap after
{Heap after GC invocations=65 (full 0):
 garbage-first heap   total 417792K, used 195732K [0x0000000600000000, 0x0000000800000000)
  region size 4096K, 4 young (16384K), 4 survivors (16384K)
 Metaspace       used 112143K, committed 113536K, reserved 1179648K
  class space    used 15576K, committed 16192K, reserved 1048576K
}
Event: 137.796 GC heap before
{Heap before GC invocations=65 (full 0):
 garbage-first heap   total 417792K, used 330900K [0x0000000600000000, 0x0000000800000000)
  region size 4096K, 38 young (155648K), 4 survivors (16384K)
 Metaspace       used 112318K, committed 113728K, reserved 1179648K
  class space    used 15599K, committed 16192K, reserved 1048576K
}
Event: 137.817 GC heap after
{Heap after GC invocations=66 (full 0):
 garbage-first heap   total 417792K, used 203927K [0x0000000600000000, 0x0000000800000000)
  region size 4096K, 3 young (12288K), 3 survivors (12288K)
 Metaspace       used 112318K, committed 113728K, reserved 1179648K
  class space    used 15599K, committed 16192K, reserved 1048576K
}
Event: 138.612 GC heap before
{Heap before GC invocations=66 (full 0):
 garbage-first heap   total 417792K, used 330903K [0x0000000600000000, 0x0000000800000000)
  region size 4096K, 35 young (143360K), 3 survivors (12288K)
 Metaspace       used 112475K, committed 113920K, reserved 1179648K
  class space    used 15616K, committed 16256K, reserved 1048576K
}
Event: 138.624 GC heap after
{Heap after GC invocations=67 (full 0):
 garbage-first heap   total 503808K, used 208346K [0x0000000600000000, 0x0000000800000000)
  region size 4096K, 4 young (16384K), 4 survivors (16384K)
 Metaspace       used 112475K, committed 113920K, reserved 1179648K
  class space    used 15616K, committed 16256K, reserved 1048576K
}
Event: 141.102 GC heap before
{Heap before GC invocations=68 (full 0):
 garbage-first heap   total 503808K, used 388570K [0x0000000600000000, 0x0000000800000000)
  region size 4096K, 49 young (200704K), 4 survivors (16384K)
 Metaspace       used 112768K, committed 114240K, reserved 1179648K
  class space    used 15660K, committed 16320K, reserved 1048576K
}
Event: 141.133 GC heap after
{Heap after GC invocations=69 (full 0):
 garbage-first heap   total 503808K, used 222763K [0x0000000600000000, 0x0000000800000000)
  region size 4096K, 7 young (28672K), 7 survivors (28672K)
 Metaspace       used 112768K, committed 114240K, reserved 1179648K
  class space    used 15660K, committed 16320K, reserved 1048576K
}
Event: 142.598 GC heap before
{Heap before GC invocations=69 (full 0):
 garbage-first heap   total 503808K, used 398891K [0x0000000600000000, 0x0000000800000000)
  region size 4096K, 51 young (208896K), 7 survivors (28672K)
 Metaspace       used 113010K, committed 114432K, reserved 1179648K
  class space    used 15686K, committed 16320K, reserved 1048576K
}
Event: 142.624 GC heap after
{Heap after GC invocations=70 (full 0):
 garbage-first heap   total 503808K, used 232948K [0x0000000600000000, 0x0000000800000000)
  region size 4096K, 3 young (12288K), 3 survivors (12288K)
 Metaspace       used 113010K, committed 114432K, reserved 1179648K
  class space    used 15686K, committed 16320K, reserved 1048576K
}

